c:\users\public\documents\computer graphics\progettoesame\progettoesame\debug\vc141.pdb
c:\users\public\documents\computer graphics\progettoesame\progettoesame\debug\vc141.idb
c:\users\public\documents\computer graphics\progettoesame\progettoesame\debug\utente.obj
c:\users\public\documents\computer graphics\progettoesame\progettoesame\debug\trovapercorso.obj
c:\users\public\documents\computer graphics\progettoesame\progettoesame\debug\richiestagui.obj
c:\users\public\documents\computer graphics\progettoesame\progettoesame\debug\regolegame.obj
c:\users\public\documents\computer graphics\progettoesame\progettoesame\debug\randomvalueuniform.obj
c:\users\public\documents\computer graphics\progettoesame\progettoesame\debug\modellazione_3d.obj
c:\users\public\documents\computer graphics\progettoesame\progettoesame\debug\main.obj
c:\users\public\documents\computer graphics\progettoesame\progettoesame\debug\livelli.obj
c:\users\public\documents\computer graphics\progettoesame\progettoesame\debug\gestoreutente.obj
c:\users\public\documents\computer graphics\progettoesame\progettoesame\debug\gestorescena.obj
c:\users\public\documents\computer graphics\progettoesame\progettoesame\debug\gestoremovimento.obj
c:\users\public\documents\computer graphics\progettoesame\progettoesame\debug\drawscene.obj
c:\users\public\documents\computer graphics\progettoesame\progettoesame\debug\controllerplayer.obj
c:\users\public\documents\computer graphics\progettoesame\progettoesame\debug\coin.obj
c:\users\public\documents\computer graphics\progettoesame\progettoesame\debug\callback.obj
c:\users\public\documents\computer graphics\progettoesame\progettoesame\debug\bonus.obj
c:\users\public\documents\computer graphics\progettoesame\progettoesame\debug\nemico.obj
c:\users\public\documents\computer graphics\progettoesame\progettoesame\debug\gestorenemici.obj
c:\users\public\documents\computer graphics\progettoesame\progettoesame\debug\gestoretexture.obj
c:\users\public\documents\computer graphics\progettoesame\progettoesame\debug\gestoreaudio.obj
c:\users\public\documents\computer graphics\progettoesame\progettoesame\debug\menugame.obj
c:\users\public\documents\computer graphics\progettoesame\progettoesame\debug\elemtexture.obj
c:\users\public\documents\computer graphics\progettoesame\debug\progettoesame.exe
c:\users\public\documents\computer graphics\progettoesame\debug\progettoesame.ilk
c:\users\public\documents\computer graphics\progettoesame\debug\progettoesame.pdb
c:\users\public\documents\computer graphics\progettoesame\progettoesame\debug\gestoretexture.obj.enc
c:\users\public\documents\computer graphics\progettoesame\progettoesame\debug\livelli.obj.enc
c:\users\public\documents\computer graphics\progettoesame\progettoesame\debug\regolegame.obj.enc
c:\users\public\documents\computer graphics\progettoesame\progettoesame\debug\nativecodeanalysis.read.1.tlog
c:\users\public\documents\computer graphics\progettoesame\progettoesame\debug\bonus.nativecodeanalysis.xml
c:\users\public\documents\computer graphics\progettoesame\progettoesame\debug\callback.nativecodeanalysis.xml
c:\users\public\documents\computer graphics\progettoesame\progettoesame\debug\coin.nativecodeanalysis.xml
c:\users\public\documents\computer graphics\progettoesame\progettoesame\debug\controllerplayer.nativecodeanalysis.xml
c:\users\public\documents\computer graphics\progettoesame\progettoesame\debug\drawscene.nativecodeanalysis.xml
c:\users\public\documents\computer graphics\progettoesame\progettoesame\debug\gestoremovimento.nativecodeanalysis.xml
c:\users\public\documents\computer graphics\progettoesame\progettoesame\debug\gestorenemici.nativecodeanalysis.xml
c:\users\public\documents\computer graphics\progettoesame\progettoesame\debug\gestorescena.nativecodeanalysis.xml
c:\users\public\documents\computer graphics\progettoesame\progettoesame\debug\gestoreutente.nativecodeanalysis.xml
c:\users\public\documents\computer graphics\progettoesame\progettoesame\debug\livelli.nativecodeanalysis.xml
c:\users\public\documents\computer graphics\progettoesame\progettoesame\debug\main.nativecodeanalysis.xml
c:\users\public\documents\computer graphics\progettoesame\progettoesame\debug\modellazione_3d.nativecodeanalysis.xml
c:\users\public\documents\computer graphics\progettoesame\progettoesame\debug\nemico.nativecodeanalysis.xml
c:\users\public\documents\computer graphics\progettoesame\progettoesame\debug\randomvalueuniform.nativecodeanalysis.xml
c:\users\public\documents\computer graphics\progettoesame\progettoesame\debug\regolegame.nativecodeanalysis.xml
c:\users\public\documents\computer graphics\progettoesame\progettoesame\debug\richiestagui.nativecodeanalysis.xml
c:\users\public\documents\computer graphics\progettoesame\progettoesame\debug\trovapercorso.nativecodeanalysis.xml
c:\users\public\documents\computer graphics\progettoesame\progettoesame\debug\utente.nativecodeanalysis.xml
c:\users\public\documents\computer graphics\progettoesame\progettoesame\debug\vc.nativecodeanalysis.all.xml
c:\users\public\documents\computer graphics\progettoesame\progettoesame\debug\progettoesame.tlog\cl.command.1.tlog
c:\users\public\documents\computer graphics\progettoesame\progettoesame\debug\progettoesame.tlog\cl.read.1.tlog
c:\users\public\documents\computer graphics\progettoesame\progettoesame\debug\progettoesame.tlog\cl.write.1.tlog
c:\users\public\documents\computer graphics\progettoesame\progettoesame\debug\progettoesame.tlog\link.command.1.tlog
c:\users\public\documents\computer graphics\progettoesame\progettoesame\debug\progettoesame.tlog\link.read.1.tlog
c:\users\public\documents\computer graphics\progettoesame\progettoesame\debug\progettoesame.tlog\link.write.1.tlog
